Determining if the pthread_create exist failed with the following output:
Change Dir: /home/atul/Spatial-cognitive-exploration-algorithm/build/CMakeFiles/CMakeTmp

Run Build Command:"/usr/bin/make" "cmTC_72c1f/fast"
/usr/bin/make -f CMakeFiles/cmTC_72c1f.dir/build.make CMakeFiles/cmTC_72c1f.dir/build
make[1]: Entering directory '/home/atul/Spatial-cognitive-exploration-algorithm/build/CMakeFiles/CMakeTmp'
Building C object CMakeFiles/cmTC_72c1f.dir/CheckSymbolExists.c.o
/usr/bin/cc    -o CMakeFiles/cmTC_72c1f.dir/CheckSymbolExists.c.o   -c /home/atul/Spatial-cognitive-exploration-algorithm/build/CMakeFiles/CMakeTmp/CheckSymbolExists.c
Linking C executable cmTC_72c1f
/usr/local/bin/cmake -E cmake_link_script CMakeFiles/cmTC_72c1f.dir/link.txt --verbose=1
/usr/bin/cc      -rdynamic CMakeFiles/cmTC_72c1f.dir/CheckSymbolExists.c.o  -o cmTC_72c1f 
CMakeFiles/cmTC_72c1f.dir/CheckSymbolExists.c.o: In function `main':
CheckSymbolExists.c:(.text+0x16): undefined reference to `pthread_create'
collect2: error: ld returned 1 exit status
CMakeFiles/cmTC_72c1f.dir/build.make:86: recipe for target 'cmTC_72c1f' failed
make[1]: *** [cmTC_72c1f] Error 1
make[1]: Leaving directory '/home/atul/Spatial-cognitive-exploration-algorithm/build/CMakeFiles/CMakeTmp'
Makefile:121: recipe for target 'cmTC_72c1f/fast' failed
make: *** [cmTC_72c1f/fast] Error 2

File /home/atul/Spatial-cognitive-exploration-algorithm/build/CMakeFiles/CMakeTmp/CheckSymbolExists.c:
/* */
#include <pthread.h>

int main(int argc, char** argv)
{
  (void)argv;
#ifndef pthread_create
  return ((int*)(&pthread_create))[argc];
#else
  (void)argc;
  return 0;
#endif
}

Determining if the function pthread_create exists in the pthreads failed with the following output:
Change Dir: /home/atul/Spatial-cognitive-exploration-algorithm/build/CMakeFiles/CMakeTmp

Run Build Command:"/usr/bin/make" "cmTC_c175e/fast"
/usr/bin/make -f CMakeFiles/cmTC_c175e.dir/build.make CMakeFiles/cmTC_c175e.dir/build
make[1]: Entering directory '/home/atul/Spatial-cognitive-exploration-algorithm/build/CMakeFiles/CMakeTmp'
Building C object CMakeFiles/cmTC_c175e.dir/CheckFunctionExists.c.o
/usr/bin/cc   -DCHECK_FUNCTION_EXISTS=pthread_create   -o CMakeFiles/cmTC_c175e.dir/CheckFunctionExists.c.o   -c /usr/local/share/cmake-3.12/Modules/CheckFunctionExists.c
Linking C executable cmTC_c175e
/usr/local/bin/cmake -E cmake_link_script CMakeFiles/cmTC_c175e.dir/link.txt --verbose=1
/usr/bin/cc  -DCHECK_FUNCTION_EXISTS=pthread_create    -rdynamic CMakeFiles/cmTC_c175e.dir/CheckFunctionExists.c.o  -o cmTC_c175e -lpthreads 
/usr/bin/ld: cannot find -lpthreads
collect2: error: ld returned 1 exit status
CMakeFiles/cmTC_c175e.dir/build.make:86: recipe for target 'cmTC_c175e' failed
make[1]: *** [cmTC_c175e] Error 1
make[1]: Leaving directory '/home/atul/Spatial-cognitive-exploration-algorithm/build/CMakeFiles/CMakeTmp'
Makefile:121: recipe for target 'cmTC_c175e/fast' failed
make: *** [cmTC_c175e/fast] Error 2


